-*- Compilation -*-
C:\work\miktex\ps2pk\ps2pk Sat 08/07/2004 20:42:58.76

	mkdir WinRel
	cl /c /W3 /Wp64 /nologo /GF  /Zi /O2 /GL /DWIN32 /DWINVER=0x0400 /D_WIN32_WINDOWS=0x0400 /D_WIN32_WINNT=0x0400 /D_WIN32_IE=0x0500 /MD /DMIKTEX /DMIKTEX_DLL /DTEXMF_DLL /DGNU_DLL /DREGEX_DLL /DMPM_DLL /DEXPAT_DLL /DPOPT_DLL /DMIKTEX_RELEASE_STATE=0 /DOFFICIAL /DFINAL /DNDEBUG /I. /IC:\work\miktex\libgnu /IC:\work\miktex\lib /IC:\work\miktex\libtexmf /IC:\work\miktex\libpopt /IC:\work\miktex\libmpm /IC:\work\miktex\libmd5  -FoWinRel\  -DUSE_MIKTEX_EXIT  -IC:\work\miktex\zlib  -I..\PSres  -I..\common  -I..\type1  encoding.c
encoding.c
encoding.c(50) : warning C4267: '=' : conversion from 'size_t' to 'int', possible loss of data
encoding.c(189) : warning C4013: 'extension' undefined; assuming extern returning int
encoding.c(189) : warning C4047: 'function' : 'const char *' differs in levels of indirection from 'int'
encoding.c(231) : warning C4267: '=' : conversion from 'size_t' to 'int', possible loss of data
encoding.c(241) : warning C4267: '=' : conversion from 'size_t' to 'int', possible loss of data
	cl /c /W3 /Wp64 /nologo /GF  /Zi /O2 /GL /DWIN32 /DWINVER=0x0400 /D_WIN32_WINDOWS=0x0400 /D_WIN32_WINNT=0x0400 /D_WIN32_IE=0x0500 /MD /DMIKTEX /DMIKTEX_DLL /DTEXMF_DLL /DGNU_DLL /DREGEX_DLL /DMPM_DLL /DEXPAT_DLL /DPOPT_DLL /DMIKTEX_RELEASE_STATE=0 /DOFFICIAL /DFINAL /DNDEBUG /I. /IC:\work\miktex\libgnu /IC:\work\miktex\lib /IC:\work\miktex\libtexmf /IC:\work\miktex\libpopt /IC:\work\miktex\libmpm /IC:\work\miktex\libmd5  -FoWinRel\  -DUSE_MIKTEX_EXIT  -IC:\work\miktex\zlib  -I..\PSres  -I..\common  -I..\type1  pkout.c
pkout.c
pkout.c(110) : warning C4244: '=' : conversion from 'double' to 'int', possible loss of data
pkout.c(114) : warning C4244: '=' : conversion from '__w64 unsigned int' to 'int', possible loss of data
pkout.c(119) : warning C4244: 'function' : conversion from 'double' to 'INT32', possible loss of data
pkout.c(121) : warning C4244: 'function' : conversion from 'double' to 'INT32', possible loss of data
pkout.c(121) : warning C4244: 'function' : conversion from 'double' to 'INT32', possible loss of data
pkout.c(176) : warning C4101: 'color1' : unreferenced local variable
pkout.c(177) : warning C4101: 'pixels' : unreferenced local variable
pkout.c(416) : warning C4101: 'current_value' : unreferenced local variable
pkout.c(417) : warning C4101: 'two_byte' : unreferenced local variable
pkout.c(416) : warning C4101: 'pl' : unreferenced local variable
pkout.c(517) : warning C4244: 'function' : conversion from 'double' to 'float', possible loss of data
pkout.c(522) : warning C4244: 'function' : conversion from 'int' to 'float', possible loss of data
pkout.c(529) : warning C4244: 'function' : conversion from 'double' to 'float', possible loss of data
pkout.c(534) : warning C4244: 'function' : conversion from 'int' to 'float', possible loss of data
	cl /c /W3 /Wp64 /nologo /GF  /Zi /O2 /GL /DWIN32 /DWINVER=0x0400 /D_WIN32_WINDOWS=0x0400 /D_WIN32_WINNT=0x0400 /D_WIN32_IE=0x0500 /MD /DMIKTEX /DMIKTEX_DLL /DTEXMF_DLL /DGNU_DLL /DREGEX_DLL /DMPM_DLL /DEXPAT_DLL /DPOPT_DLL /DMIKTEX_RELEASE_STATE=0 /DOFFICIAL /DFINAL /DNDEBUG /I. /IC:\work\miktex\libgnu /IC:\work\miktex\lib /IC:\work\miktex\libtexmf /IC:\work\miktex\libpopt /IC:\work\miktex\libmpm /IC:\work\miktex\libmd5  -FoWinRel\  -DUSE_MIKTEX_EXIT  -IC:\work\miktex\zlib  -I..\PSres  -I..\common  -I..\type1  ps2pk.c
ps2pk.c
ps2pk.c(305) : warning C4244: '=' : conversion from 'double' to 'float', possible loss of data
ps2pk.c(333) : warning C4244: '=' : conversion from 'double' to 'float', possible loss of data
ps2pk.c(418) : warning C4090: '=' : different 'const' qualifiers
ps2pk.c(557) : warning C4244: '=' : conversion from 'double' to 'int', possible loss of data
ps2pk.c(569) : warning C4244: '=' : conversion from 'double' to 'int', possible loss of data
ps2pk.c(570) : warning C4244: '=' : conversion from 'double' to 'int', possible loss of data
ps2pk.c(589) : warning C4244: 'function' : conversion from 'double' to 'float', possible loss of data
ps2pk.c(615) : warning C4244: 'function' : conversion from 'double' to 'float', possible loss of data
ps2pk.c(618) : warning C4995: 'exit': name was marked as #pragma deprecated
ps2pk.c(618) : warning C4996: 'miktex_exit' was declared deprecated
        C:\work\miktex\lib\miktex.h(128) : see declaration of 'miktex_exit'
ps2pk.c(251) : warning C4101: 'resourcedb' : unreferenced local variable
ps2pk.c(247) : warning C4101: 'argp' : unreferenced local variable
ps2pk.c(251) : warning C4101: 't1inputs' : unreferenced local variable
ps2pk.c(627) : warning C4101: 'leftbit' : unreferenced local variable
ps2pk.c(645) : warning C4101: 'leftbit' : unreferenced local variable
ps2pk.c(718) : warning C4244: '=' : conversion from 'double' to 'float', possible loss of data
ps2pk.c(719) : warning C4244: 'return' : conversion from 'double' to 'int', possible loss of data
ps2pk.c(751) : warning C4311: 'type cast' : pointer truncation from 'char *' to 'long'
	rc /r /DWIN32 /D_WIN32 -IC:\work\miktex\lib -FoWinRel\ps2pk.res ps2pk.rc
	link /INCREMENTAL:NO /NOLOGO /LTCG /RELEASE /SUBSYSTEM:CONSOLE,4.0 /DEBUG -out:WinRel\ps2pk.exe C:\work\miktex\lib\WinRel\miktex.lib  WinRel\encoding.obj  WinRel\pkout.obj  WinRel\ps2pk.obj  WinRel\ps2pk.res  C:\work\miktex\libtexmf\WinRel\texmf.lib  C:\work\miktex\libtexmf\WinRel\wrapper.obj  C:\work\miktex\zlib\WinRel\zlib.lib  ..\PSres\WinRel\psres.lib  ..\common\WinRel\common.lib  ..\type1\WinRel\type1.lib
Generating code
c:\work\miktex\ps2pk\type1\paths.c(1062) : warning C4700: local variable 'mypoint' used without having been initialized
c:\work\miktex\ps2pk\type1\type1.c(822) : warning C4715: 'PSFakePop' : not all control paths return a value
c:\work\miktex\ps2pk\ps2pk\ps2pk.c(674) : warning C4715: 'next_pixel' : not all control paths return a value
c:\work\miktex\ps2pk\type1\regions.c(1765) : warning C4716: 'edgecheck' : must return a value
c:\work\miktex\ps2pk\type1\regions.c(638) : warning C4716: 'Unwind' : must return a value
c:\work\miktex\ps2pk\ps2pk\pkout.c(538) : warning C4715: 'magnification' : not all control paths return a value
c:\work\miktex\ps2pk\type1\paths.c(939) : warning C4716: 'UnClose' : must return a value
Finished generating code
	for %f in (WinRel\ps2pk.exe) do C:\work\miktex\etc\install "%f" "C:\MiKTeX-Builds\current\texmf\miktex\bin"

MiKTeX Devel> C:\work\miktex\etc\install "WinRel\ps2pk.exe" "C:\MiKTeX-Builds\current\texmf\miktex\bin" 
        1 file(s) copied.
