-*- Compilation -*-
C:\work\miktex\ps2pk\PSres Sat 08/07/2004 20:35:19.07

	mkdir WinRel
	cl /c /W3 /Wp64 /nologo /GF  /Zi /O2 /GL /DWIN32 /DWINVER=0x0400 /D_WIN32_WINDOWS=0x0400 /D_WIN32_WINNT=0x0400 /D_WIN32_IE=0x0500 /MD /DMIKTEX /DMIKTEX_DLL /DTEXMF_DLL /DGNU_DLL /DREGEX_DLL /DMPM_DLL /DEXPAT_DLL /DPOPT_DLL /DMIKTEX_RELEASE_STATE=0 /DOFFICIAL /DFINAL /DNDEBUG /I. /IC:\work\miktex\libgnu /IC:\work\miktex\lib /IC:\work\miktex\libtexmf /IC:\work\miktex\libpopt /IC:\work\miktex\libmpm /IC:\work\miktex\libmd5  -DUSE_MIKTEX_EXIT  -FoWinRel\  PSres.c
PSres.c
PSres.c(178) : warning C4995: 'exit': name was marked as #pragma deprecated
PSres.c(178) : warning C4996: 'miktex_exit' was declared deprecated
        C:\work\miktex\lib\miktex.h(128) : see declaration of 'miktex_exit'
PSres.c(182) : warning C4113: 'char *(__cdecl *)()' differs in parameter lists from 'PSResMallocProc'
PSres.c(207) : warning C4995: 'exit': name was marked as #pragma deprecated
PSres.c(207) : warning C4996: 'miktex_exit' was declared deprecated
        C:\work\miktex\lib\miktex.h(128) : see declaration of 'miktex_exit'
PSres.c(211) : warning C4113: 'char *(__cdecl *)()' differs in parameter lists from 'PSResReallocProc'
PSres.c(224) : warning C4113: 'void (__cdecl *)()' differs in parameter lists from 'PSResFreeProc'
PSres.c(238) : warning C4113: 'void (__cdecl *)()' differs in parameter lists from 'PSResFileWarningHandlerProc'
PSres.c(421) : warning C4267: '=' : conversion from 'size_t' to 'int', possible loss of data
PSres.c(455) : warning C4267: '+=' : conversion from 'size_t' to 'int', possible loss of data
PSres.c(484) : warning C4267: '=' : conversion from 'size_t' to 'int', possible loss of data
PSres.c(493) : warning C4267: '=' : conversion from 'size_t' to 'int', possible loss of data
PSres.c(504) : warning C4267: '+=' : conversion from 'size_t' to 'int', possible loss of data
PSres.c(572) : warning C4267: '=' : conversion from 'size_t' to 'int', possible loss of data
PSres.c(624) : warning C4267: '=' : conversion from 'size_t' to 'int', possible loss of data
PSres.c(674) : warning C4267: '=' : conversion from 'size_t' to 'int', possible loss of data
PSres.c(703) : warning C4267: '=' : conversion from 'size_t' to 'int', possible loss of data
PSres.c(717) : warning C4267: '=' : conversion from 'size_t' to 'int', possible loss of data
PSres.c(726) : warning C4267: '=' : conversion from 'size_t' to 'int', possible loss of data
PSres.c(746) : warning C4267: '+=' : conversion from 'size_t' to 'int', possible loss of data
PSres.c(748) : warning C4267: '+=' : conversion from 'size_t' to 'int', possible loss of data
PSres.c(864) : warning C4267: '=' : conversion from 'size_t' to 'int', possible loss of data
PSres.c(897) : warning C4267: 'initializing' : conversion from 'size_t' to 'int', possible loss of data
PSres.c(909) : warning C4267: '=' : conversion from 'size_t' to 'int', possible loss of data
PSres.c(931) : warning C4267: '=' : conversion from 'size_t' to 'int', possible loss of data
PSres.c(1053) : warning C4267: '=' : conversion from 'size_t' to 'int', possible loss of data
PSres.c(1099) : warning C4267: '=' : conversion from 'size_t' to 'int', possible loss of data
PSres.c(1169) : warning C4267: '+=' : conversion from 'size_t' to 'int', possible loss of data
PSres.c(1184) : warning C4267: '+=' : conversion from 'size_t' to 'int', possible loss of data
PSres.c(1625) : warning C4267: '=' : conversion from 'size_t' to 'int', possible loss of data
PSres.c(1659) : warning C4267: '=' : conversion from 'size_t' to 'int', possible loss of data
PSres.c(1666) : warning C4267: '=' : conversion from 'size_t' to 'int', possible loss of data
PSres.c(1677) : warning C4267: '=' : conversion from 'size_t' to 'int', possible loss of data
	rc /r /DWIN32 /D_WIN32 -IC:\work\miktex\lib -FoWinRel\PSres.res PSres.rc
	lib /MACHINE:X86 /NOLOGO /LTCG  -def:psres.def  -name:MiKTeX-psres-2  -out:WinRel\psres.lib
   Creating library WinRel\psres.lib and object WinRel\psres.exp
	link /INCREMENTAL:NO /NOLOGO /LTCG /RELEASE /DLL /DEBUG  -base:@C:\work\miktex\lib\dlls.txt,MiKTeX-psres-2  -out:WinRel\MiKTeX-psres-2.dll  ..\common\WinRel\common.lib  C:\work\miktex\lib\WinRel\miktex.lib  WinRel\PSres.obj  WinRel\PSres.res  WinRel\psres.exp
Generating code
Finished generating code
	cl /c /W3 /Wp64 /nologo /GF  /Zi /O2 /GL /DWIN32 /DWINVER=0x0400 /D_WIN32_WINDOWS=0x0400 /D_WIN32_WINNT=0x0400 /D_WIN32_IE=0x0500 /MD /DMIKTEX /DMIKTEX_DLL /DTEXMF_DLL /DGNU_DLL /DREGEX_DLL /DMPM_DLL /DEXPAT_DLL /DPOPT_DLL /DMIKTEX_RELEASE_STATE=0 /DOFFICIAL /DFINAL /DNDEBUG /I. /IC:\work\miktex\libgnu /IC:\work\miktex\lib /IC:\work\miktex\libtexmf /IC:\work\miktex\libpopt /IC:\work\miktex\libmpm /IC:\work\miktex\libmd5  -DUSE_MIKTEX_EXIT  -FoWinRel\  mkpsres.c
mkpsres.c
mkpsres.c(193) : warning C4995: 'exit': name was marked as #pragma deprecated
mkpsres.c(193) : warning C4996: 'miktex_exit' was declared deprecated
        C:\work\miktex\lib\miktex.h(128) : see declaration of 'miktex_exit'
mkpsres.c(209) : warning C4995: 'exit': name was marked as #pragma deprecated
mkpsres.c(209) : warning C4996: 'miktex_exit' was declared deprecated
        C:\work\miktex\lib\miktex.h(128) : see declaration of 'miktex_exit'
mkpsres.c(226) : warning C4995: 'exit': name was marked as #pragma deprecated
mkpsres.c(226) : warning C4996: 'miktex_exit' was declared deprecated
        C:\work\miktex\lib\miktex.h(128) : see declaration of 'miktex_exit'
mkpsres.c(486) : warning C4005: 'FindResource' : macro redefinition
        C:\Program Files\Microsoft SDK\include\WinBase.h(5616) : see previous definition of 'FindResource'
mkpsres.c(1046) : warning C4267: '=' : conversion from 'size_t' to 'int', possible loss of data
mkpsres.c(1061) : warning C4267: '=' : conversion from 'size_t' to 'int', possible loss of data
mkpsres.c(1084) : warning C4995: 'exit': name was marked as #pragma deprecated
mkpsres.c(1084) : warning C4996: 'miktex_exit' was declared deprecated
        C:\work\miktex\lib\miktex.h(128) : see declaration of 'miktex_exit'
mkpsres.c(1635) : warning C4267: '=' : conversion from 'size_t' to 'int', possible loss of data
mkpsres.c(1732) : warning C4995: 'exit': name was marked as #pragma deprecated
mkpsres.c(1732) : warning C4996: 'miktex_exit' was declared deprecated
        C:\work\miktex\lib\miktex.h(128) : see declaration of 'miktex_exit'
mkpsres.c(1752) : warning C4995: 'exit': name was marked as #pragma deprecated
mkpsres.c(1752) : warning C4996: 'miktex_exit' was declared deprecated
        C:\work\miktex\lib\miktex.h(128) : see declaration of 'miktex_exit'
mkpsres.c(1844) : warning C4267: '=' : conversion from 'size_t' to 'int', possible loss of data
mkpsres.c(1885) : warning C4995: 'exit': name was marked as #pragma deprecated
mkpsres.c(1885) : warning C4996: 'miktex_exit' was declared deprecated
        C:\work\miktex\lib\miktex.h(128) : see declaration of 'miktex_exit'
mkpsres.c(2224) : warning C4267: '=' : conversion from 'size_t' to 'int', possible loss of data
mkpsres.c(2306) : warning C4995: 'exit': name was marked as #pragma deprecated
mkpsres.c(2306) : warning C4996: 'miktex_exit' was declared deprecated
        C:\work\miktex\lib\miktex.h(128) : see declaration of 'miktex_exit'
mkpsres.c(2436) : warning C4267: '=' : conversion from 'size_t' to 'int', possible loss of data
mkpsres.c(2522) : warning C4267: '=' : conversion from 'size_t' to 'int', possible loss of data
mkpsres.c(2560) : warning C4267: '=' : conversion from 'size_t' to 'int', possible loss of data
mkpsres.c(2582) : warning C4995: 'exit': name was marked as #pragma deprecated
mkpsres.c(2582) : warning C4996: 'miktex_exit' was declared deprecated
        C:\work\miktex\lib\miktex.h(128) : see declaration of 'miktex_exit'
mkpsres.c(2590) : warning C4995: 'exit': name was marked as #pragma deprecated
mkpsres.c(2590) : warning C4996: 'miktex_exit' was declared deprecated
        C:\work\miktex\lib\miktex.h(128) : see declaration of 'miktex_exit'
mkpsres.c(2612) : warning C4267: '=' : conversion from 'size_t' to 'int', possible loss of data
mkpsres.c(2626) : warning C4995: 'exit': name was marked as #pragma deprecated
mkpsres.c(2626) : warning C4996: 'miktex_exit' was declared deprecated
        C:\work\miktex\lib\miktex.h(128) : see declaration of 'miktex_exit'
mkpsres.c(2641) : warning C4995: 'exit': name was marked as #pragma deprecated
mkpsres.c(2641) : warning C4996: 'miktex_exit' was declared deprecated
        C:\work\miktex\lib\miktex.h(128) : see declaration of 'miktex_exit'
mkpsres.c(2653) : warning C4995: 'exit': name was marked as #pragma deprecated
mkpsres.c(2653) : warning C4996: 'miktex_exit' was declared deprecated
        C:\work\miktex\lib\miktex.h(128) : see declaration of 'miktex_exit'
mkpsres.c(2675) : warning C4013: 'open' undefined; assuming extern returning int
mkpsres.c(2681) : warning C4995: 'exit': name was marked as #pragma deprecated
mkpsres.c(2681) : warning C4996: 'miktex_exit' was declared deprecated
        C:\work\miktex\lib\miktex.h(128) : see declaration of 'miktex_exit'
mkpsres.c(2684) : warning C4013: 'read' undefined; assuming extern returning int
mkpsres.c(2685) : warning C4013: 'write' undefined; assuming extern returning int
mkpsres.c(2689) : warning C4995: 'exit': name was marked as #pragma deprecated
mkpsres.c(2689) : warning C4996: 'miktex_exit' was declared deprecated
        C:\work\miktex\lib\miktex.h(128) : see declaration of 'miktex_exit'
mkpsres.c(2696) : warning C4995: 'exit': name was marked as #pragma deprecated
mkpsres.c(2696) : warning C4996: 'miktex_exit' was declared deprecated
        C:\work\miktex\lib\miktex.h(128) : see declaration of 'miktex_exit'
mkpsres.c(2698) : warning C4013: 'close' undefined; assuming extern returning int
	rc /r /DWIN32 /D_WIN32 -IC:\work\miktex\lib -FoWinRel\mkpsres.res mkpsres.rc
	link /INCREMENTAL:NO /NOLOGO /LTCG /RELEASE /SUBSYSTEM:CONSOLE,4.0 /DEBUG -out:WinRel\mkpsres.exe WinRel\mkpsres.obj  WinRel\mkpsres.res  C:\work\miktex\lib\WinRel\miktex.lib
Generating code
Finished generating code
	for %f in (WinRel\MiKTeX-psres-2.dll WinRel\mkpsres.exe) do C:\work\miktex\etc\install "%f" "C:\MiKTeX-Builds\current\texmf\miktex\bin"

MiKTeX Devel> C:\work\miktex\etc\install "WinRel\MiKTeX-psres-2.dll" "C:\MiKTeX-Builds\current\texmf\miktex\bin" 
        1 file(s) copied.

MiKTeX Devel> C:\work\miktex\etc\install "WinRel\mkpsres.exe" "C:\MiKTeX-Builds\current\texmf\miktex\bin" 
        1 file(s) copied.
